0 verbose cli /usr/local/bin/node /usr/local/bin/npm
1 info using npm@9.2.0
2 info using node@v19.4.0
3 timing npm:load:whichnode Completed in 0ms
4 timing config:load:defaults Completed in 1ms
5 timing config:load:file:/usr/local/lib/node_modules/npm/npmrc Completed in 1ms
6 timing config:load:builtin Completed in 1ms
7 timing config:load:cli Completed in 1ms
8 timing config:load:env Completed in 0ms
9 timing config:load:project Completed in 1ms
10 timing config:load:file:/home/localuser/.npmrc Completed in 0ms
11 timing config:load:user Completed in 0ms
12 timing config:load:file:/usr/local/etc/npmrc Completed in 2ms
13 timing config:load:global Completed in 2ms
14 timing config:load:setEnvs Completed in 0ms
15 timing config:load Completed in 7ms
16 timing npm:load:configload Completed in 7ms
17 timing npm:load:mkdirpcache Completed in 0ms
18 timing npm:load:mkdirplogs Completed in 0ms
19 verbose title npm run dev
20 verbose argv "run" "dev"
21 timing npm:load:setTitle Completed in 1ms
22 timing config:load:flatten Completed in 2ms
23 timing npm:load:display Completed in 3ms
24 verbose logfile logs-max:10 dir:/home/localuser/.npm/_logs/2023-02-14T17_43_53_889Z-
25 verbose logfile /home/localuser/.npm/_logs/2023-02-14T17_43_53_889Z-debug-0.log
26 timing npm:load:logFile Completed in 3ms
27 timing npm:load:timers Completed in 0ms
28 timing npm:load:configScope Completed in 0ms
29 timing npm:load Completed in 16ms
30 silly logfile done cleaning log files
31 timing config:load:flatten Completed in 0ms
32 timing command:run Completed in 4ms
33 verbose stack Error: Missing script: "dev"
33 verbose stack
33 verbose stack To see a list of scripts, run:
33 verbose stack   npm run
33 verbose stack     at RunScript.run (/usr/local/lib/node_modules/npm/lib/commands/run-script.js:98:13)
33 verbose stack     at async module.exports (/usr/local/lib/node_modules/npm/lib/cli.js:133:5)
34 verbose cwd /home/localuser
35 verbose Linux 5.15.0-60-generic
36 verbose node v19.4.0
37 verbose npm  v9.2.0
38 error Missing script: "dev"
38 error
38 error To see a list of scripts, run:
38 error   npm run
39 verbose exit 1
40 timing npm Completed in 32ms
41 verbose code 1
42 error A complete log of this run can be found in:
42 error     /home/localuser/.npm/_logs/2023-02-14T17_43_53_889Z-debug-0.log
